Build started 2013-10-02 14:40:22.
     1>Project "C:\Users\Łukasz\Desktop\Moja Gra-end\Game\Project2\Project2.vcxproj" on node 2 (Build target(s)).
     1>ClCompile:
         C:\Program Files (x86)\Microsoft Visual Studio 12.0\VC\bin\CL.exe /c /I"D:\Programowanie C++\Instalki\Biblioteka SFML\SFML-VS11x32\SFML-VS11x32\include" /Zi /nologo /W3 /WX- /O2 /Oi /Oy- /GL /D _MBCS /Gm- /EHsc /MD /GS /Gy /fp:precise /Zc:wchar_t /Zc:forScope /Fo"Release\\" /Fd"Release\vc120.pdb" /Gd /TP /analyze- /errorReport:prompt Menu.cpp
         Menu.cpp
     1>Menu.cpp(2): warning C4067: unexpected tokens following preprocessor directive - expected a newline
     1>Menu.cpp(3): warning C4067: unexpected tokens following preprocessor directive - expected a newline
     1>Menu.cpp(4): warning C4067: unexpected tokens following preprocessor directive - expected a newline
     1>c:\users\łukasz\desktop\moja gra-end\game\project2\Menu.h(9): warning C4067: unexpected tokens following preprocessor directive - expected a newline
     1>Menu.cpp(5): warning C4067: unexpected tokens following preprocessor directive - expected a newline
     1>Menu.cpp(6): warning C4067: unexpected tokens following preprocessor directive - expected a newline
     1>Menu.cpp(87): warning C4305: 'argument' : truncation from 'double' to 'float'
       Link:
         C:\Program Files (x86)\Microsoft Visual Studio 12.0\VC\bin\link.exe /ERRORREPORT:PROMPT /OUT:"C:\Users\Łukasz\Desktop\Moja Gra-end\Game\Release\Project2.exe" /NOLOGO /LIBPATH:"D:\Programowanie C++\Instalki\Biblioteka SFML\SFML-VS11x32\SFML-VS11x32\lib" "sfml-audio.lib" "sfml-graphics.lib" "sfml-main.lib" "sfml-network.lib" "sfml-system.lib" "sfml-window.lib" kernel32.lib user32.lib gdi32.lib winspool.lib comdlg32.lib advapi32.lib shell32.lib ole32.lib oleaut32.lib uuid.lib odbc32.lib odbccp32.lib /MANIFEST /MANIFESTUAC:"level='asInvoker' uiAccess='false'" /manifest:embed /DEBUG /PDB:"C:\Users\Łukasz\Desktop\Moja Gra-end\Game\Release\Project2.pdb" /SUBSYSTEM:CONSOLE /OPT:REF /OPT:ICF /LTCG /TLBID:1 /DYNAMICBASE /NXCOMPAT /IMPLIB:"C:\Users\Łukasz\Desktop\Moja Gra-end\Game\Release\Project2.lib" /MACHINE:X86 /SAFESEH Release\Background.obj
         Release\CheckPoints.obj
         Release\Colission.obj
         Release\Enemy.obj
         Release\Menu.obj
         Release\Muzyka.obj
         Release\Player.obj
         Release\main.obj
         Generating code
         Finished generating code
         Project2.vcxproj -> C:\Users\Łukasz\Desktop\Moja Gra-end\Game\Release\Project2.exe
     1>Done Building Project "C:\Users\Łukasz\Desktop\Moja Gra-end\Game\Project2\Project2.vcxproj" (Build target(s)).

Build succeeded.

Time Elapsed 00:00:03.75
