C:\USERS\ŁUKASZ\DESKTOP\MOJA GRA-END\GAME\PROJECT2\RELEASE\MAIN.OBJ
C:\USERS\ŁUKASZ\DESKTOP\MOJA GRA-END\GAME\PROJECT2\RELEASE\PLAYER.OBJ
C:\USERS\ŁUKASZ\DESKTOP\MOJA GRA-END\GAME\PROJECT2\RELEASE\MUZYKA.OBJ
C:\USERS\ŁUKASZ\DESKTOP\MOJA GRA-END\GAME\PROJECT2\RELEASE\MUSIC.OBJ
C:\USERS\ŁUKASZ\DESKTOP\MOJA GRA-END\GAME\PROJECT2\RELEASE\MENU.OBJ
C:\USERS\ŁUKASZ\DESKTOP\MOJA GRA-END\GAME\PROJECT2\RELEASE\ENEMY.OBJ
C:\USERS\ŁUKASZ\DESKTOP\MOJA GRA-END\GAME\PROJECT2\RELEASE\COLISSION.OBJ
C:\USERS\ŁUKASZ\DESKTOP\MOJA GRA-END\GAME\PROJECT2\RELEASE\VC110.PDB
C:\USERS\ŁUKASZ\DESKTOP\MOJA GRA-END\GAME\RELEASE\PROJECT2.EXE
C:\USERS\ŁUKASZ\DESKTOP\MOJA GRA-END\GAME\RELEASE\PROJECT2.PDB
C:\Users\Łukasz\Desktop\Moja Gra-end\Game\Project2\Release\Colission.obj
C:\Users\Łukasz\Desktop\Moja Gra-end\Game\Project2\Release\Enemy.obj
C:\Users\Łukasz\Desktop\Moja Gra-end\Game\Project2\Release\main.obj
C:\Users\Łukasz\Desktop\Moja Gra-end\Game\Project2\Release\Menu.obj
C:\Users\Łukasz\Desktop\Moja Gra-end\Game\Project2\Release\Music.obj
C:\Users\Łukasz\Desktop\Moja Gra-end\Game\Project2\Release\Muzyka.obj
C:\Users\Łukasz\Desktop\Moja Gra-end\Game\Project2\Release\Player.obj
C:\Users\Łukasz\Desktop\Moja Gra-end\Game\Project2\Release\cl.command.1.tlog
C:\Users\Łukasz\Desktop\Moja Gra-end\Game\Project2\Release\CL.read.1.tlog
C:\Users\Łukasz\Desktop\Moja Gra-end\Game\Project2\Release\CL.write.1.tlog
C:\Users\Łukasz\Desktop\Moja Gra-end\Game\Project2\Release\link-cvtres.read.1.tlog
C:\Users\Łukasz\Desktop\Moja Gra-end\Game\Project2\Release\link-cvtres.write.1.tlog
C:\Users\Łukasz\Desktop\Moja Gra-end\Game\Project2\Release\link-rc.read.1.tlog
C:\Users\Łukasz\Desktop\Moja Gra-end\Game\Project2\Release\link-rc.write.1.tlog
C:\Users\Łukasz\Desktop\Moja Gra-end\Game\Project2\Release\link.command.1.tlog
C:\Users\Łukasz\Desktop\Moja Gra-end\Game\Project2\Release\link.read.1.tlog
C:\Users\Łukasz\Desktop\Moja Gra-end\Game\Project2\Release\link.read.3.tlog
C:\Users\Łukasz\Desktop\Moja Gra-end\Game\Project2\Release\link.read.4.tlog
C:\Users\Łukasz\Desktop\Moja Gra-end\Game\Project2\Release\link.read.6.tlog
C:\Users\Łukasz\Desktop\Moja Gra-end\Game\Project2\Release\link.write.1.tlog
C:\Users\Łukasz\Desktop\Moja Gra-end\Game\Project2\Release\vc110.pdb
C:\Users\Łukasz\Desktop\Moja Gra-end\Game\Release\Project2.pdb
C:\Users\Łukasz\Desktop\Moja Gra-end\Game\Release\Project2.exe
